<?xml version="1.0" encoding="UTF-8"?>
<!-- Generated by org.testng.reporters.JUnitReportReporter -->
<testsuite hostname="Anils-Air.hsd1.ca.comcast.net" failures="0" tests="3" name="example.LogTests" time="0.023" errors="0" timestamp="2025-03-27T10:21:09 PDT" skipped="0">
  <testcase classname="example.LogTests" name="test1" time="0.020"/>
  <testcase classname="example.LogTests" name="test2" time="0.002"/>
  <testcase classname="example.LogTests" name="test3" time="0.001"/>
</testsuite> <!-- example.LogTests -->
